-------------------------------------------------------------------------------
Test set: com.sanshop.SanShopFrontEndApplicationTests
-------------------------------------------------------------------------------
Tests run: 1, Failures: 0, Errors: 1, Skipped: 0, Time elapsed: 0.4 s <<< FAILURE! - in com.sanshop.SanShopFrontEndApplicationTests
com.sanshop.SanShopFrontEndApplicationTests  Time elapsed: 0.4 s  <<< ERROR!
java.lang.IllegalStateException: Unable to find a @SpringBootConfiguration, you need to use @ContextConfiguration or @SpringBootTest(classes=...) with your test

